Using pre-set license
Built from '2020.3/staging' branch; Version is '2020.3.17f1 (a4537701e4ab) revision 10769271'; Using compiler version '192528614'; Build Type 'Release'
OS: 'Windows 10 Pro; OS build 19042.1237; Version 2009; 64bit' Language: 'pt' Physical Memory: 16315 MB
BatchMode: 1, IsHumanControllingUs: 0, StartBugReporterOnCrash: 0, Is64bit: 1, IsPro: 0

COMMAND LINE ARGUMENTS:
C:\Program Files\Unity\Hub\Editor\2020.3.17f1\Editor\Unity.exe
-adb2
-batchMode
-noUpm
-name
AssetImportWorker0
-projectPath
C:/Users/User/TopDungeon
-logFile
Logs/AssetImportWorker0.log
-srvPort
53446
Successfully changed project path to: C:/Users/User/TopDungeon
C:/Users/User/TopDungeon
Using Asset Import Pipeline V2.
Refreshing native plugins compatible for Editor in 124.56 ms, found 3 plugins.
Preloading 0 native plugins for Editor in 0.00 ms.
Initialize engine version: 2020.3.17f1 (a4537701e4ab)
[Subsystems] Discovering subsystems at path C:/Program Files/Unity/Hub/Editor/2020.3.17f1/Editor/Data/Resources/UnitySubsystems
[Subsystems] Discovering subsystems at path C:/Users/User/TopDungeon/Assets
GfxDevice: creating device client; threaded=0
Direct3D:
    Version:  Direct3D 11.0 [level 11.1]
    Renderer: NVIDIA GeForce GTX 1650 SUPER (ID=0x2187)
    Vendor:   
    VRAM:     3955 MB
    Driver:   27.21.14.6677
Initialize mono
Mono path[0] = 'C:/Program Files/Unity/Hub/Editor/2020.3.17f1/Editor/Data/Managed'
Mono path[1] = 'C:/Program Files/Unity/Hub/Editor/2020.3.17f1/Editor/Data/MonoBleedingEdge/lib/mono/unityjit'
Mono config path = 'C:/Program Files/Unity/Hub/Editor/2020.3.17f1/Editor/Data/MonoBleedingEdge/etc'
Using monoOptions --debugger-agent=transport=dt_socket,embedding=1,server=y,suspend=n,address=127.0.0.1:56904
Begin MonoManager ReloadAssembly
Registering precompiled unity dll's ...
Register platform support module: C:/Program Files/Unity/Hub/Editor/2020.3.17f1/Editor/Data/PlaybackEngines/WindowsStandaloneSupport/UnityEditor.WindowsStandalone.Extensions.dll
Registered in 0.095855 seconds.
Native extension for WindowsStandalone target not found
Refreshing native plugins compatible for Editor in 38.13 ms, found 3 plugins.
Preloading 0 native plugins for Editor in 0.00 ms.
Mono: successfully reloaded assembly
- Completed reload, in  2.974 seconds
Domain Reload Profiling:
	ReloadAssembly (2974ms)
		BeginReloadAssembly (1809ms)
			ExecutionOrderSort (0ms)
			DisableScriptedObjects (0ms)
			BackupInstance (0ms)
			ReleaseScriptingObjects (0ms)
			CreateAndSetChildDomain (1ms)
		EndReloadAssembly (553ms)
			LoadAssemblies (1807ms)
			RebuildTransferFunctionScriptingTraits (0ms)
			SetupTypeCache (317ms)
			ReleaseScriptCaches (0ms)
			RebuildScriptCaches (27ms)
			SetupLoadedEditorAssemblies (150ms)
				LogAssemblyErrors (0ms)
				InitializePlatformSupportModulesInManaged (3ms)
				SetLoadedEditorAssemblies (0ms)
				RefreshPlugins (38ms)
				BeforeProcessingInitializeOnLoad (15ms)
				ProcessInitializeOnLoadAttributes (66ms)
				ProcessInitializeOnLoadMethodAttributes (27ms)
				AfterProcessingInitializeOnLoad (0ms)
				EditorAssembliesLoaded (0ms)
			ExecutionOrderSort2 (0ms)
			AwakeInstancesAfterBackupRestoration (0ms)
Platform modules already initialized, skipping
Registering precompiled user dll's ...
Registered in 0.403144 seconds.
Begin MonoManager ReloadAssembly
Native extension for WindowsStandalone target not found
Refreshing native plugins compatible for Editor in 38.68 ms, found 3 plugins.
Preloading 0 native plugins for Editor in 0.00 ms.
Mono: successfully reloaded assembly
- Completed reload, in  3.197 seconds
Domain Reload Profiling:
	ReloadAssembly (3201ms)
		BeginReloadAssembly (130ms)
			ExecutionOrderSort (0ms)
			DisableScriptedObjects (5ms)
			BackupInstance (0ms)
			ReleaseScriptingObjects (0ms)
			CreateAndSetChildDomain (19ms)
		EndReloadAssembly (3016ms)
			LoadAssemblies (1664ms)
			RebuildTransferFunctionScriptingTraits (0ms)
			SetupTypeCache (695ms)
			ReleaseScriptCaches (1ms)
			RebuildScriptCaches (42ms)
			SetupLoadedEditorAssemblies (501ms)
				LogAssemblyErrors (0ms)
				InitializePlatformSupportModulesInManaged (3ms)
				SetLoadedEditorAssemblies (0ms)
				RefreshPlugins (39ms)
				BeforeProcessingInitializeOnLoad (68ms)
				ProcessInitializeOnLoadAttributes (374ms)
				ProcessInitializeOnLoadMethodAttributes (13ms)
				AfterProcessingInitializeOnLoad (4ms)
				EditorAssembliesLoaded (0ms)
			ExecutionOrderSort2 (0ms)
			AwakeInstancesAfterBackupRestoration (6ms)
Platform modules already initialized, skipping
========================================================================
Worker process is ready to serve import requests
Launched and connected shader compiler UnityShaderCompiler.exe after 0.07 seconds
Refreshing native plugins compatible for Editor in 0.55 ms, found 3 plugins.
Preloading 0 native plugins for Editor in 0.00 ms.
Unloading 2091 Unused Serialized files (Serialized files now loaded: 0)
System memory in use before: 93.1 MB.
System memory in use after: 93.1 MB.

Unloading 28 unused Assets to reduce memory usage. Loaded Objects now: 2528.
Total: 3.742600 ms (FindLiveObjects: 0.236500 ms CreateObjectMapping: 0.046800 ms MarkObjects: 3.382700 ms  DeleteObjects: 0.075500 ms)

AssetImportParameters requested are different than current active one (requested -> active):
  custom:framework-win-MediaFoundation: 216162199b28c13a410421893ffa2e32 -> 
  custom:video-decoder-ogg-theora: a1e56fd34408186e4bbccfd4996cb3dc -> 
  custom:container-muxer-webm: aa71ff27fc2769a1b78a27578f13a17b -> 
  custom:container-demuxer-webm: 4f35f7cbe854078d1ac9338744f61a02 -> 
  custom:container-demuxer-ogg: 62fdf1f143b41e24485cea50d1cbac27 -> 
  custom:video-encoder-webm-vp8: eb34c28f22e8b96e1ab97ce403110664 -> 
  custom:video-decoder-webm-vp8: 9c59270c3fd7afecdb556c50c9e8de78 -> 
  custom:audio-decoder-ogg-vorbis: bf7c407c2cedff20999df2af8eb42d56 -> 
  custom:audio-encoder-webm-vorbis: bf7c407c2cedff20999df2af8eb42d56 -> 
========================================================================
Received Import Request.
  path: Assets/Artwork
  artifactKey: Guid(143d113e3980a5747b92f096312a1b5e) Importer(815301076,1909f56bfc062723c751e8b465ee728b)
Start importing Assets/Artwork using Guid(143d113e3980a5747b92f096312a1b5e) Importer(815301076,1909f56bfc062723c751e8b465ee728b)  -> (artifact id: 'f285f94e07a1986d18acf497e74e1cdc') in 0.009346 seconds 
  Import took 0.012682 seconds .

========================================================================
Received Import Request.
  Time since last request: 9.283901 seconds.
  path: Assets/Artwork/Animations
  artifactKey: Guid(d6ca9d1d76d0c2a42b8389f68d378c30) Importer(815301076,1909f56bfc062723c751e8b465ee728b)
Start importing Assets/Artwork/Animations using Guid(d6ca9d1d76d0c2a42b8389f68d378c30) Importer(815301076,1909f56bfc062723c751e8b465ee728b)  -> (artifact id: '995dc8761108a6c324586083d02bbfcc') in 0.006989 seconds 
  Import took 0.010481 seconds .

========================================================================
Received Import Request.
  Time since last request: 4.801533 seconds.
  path: Assets/Artwork/Levels
  artifactKey: Guid(55123ee1a01b62f44a68e372c13b0f46) Importer(815301076,1909f56bfc062723c751e8b465ee728b)
Start importing Assets/Artwork/Levels using Guid(55123ee1a01b62f44a68e372c13b0f46) Importer(815301076,1909f56bfc062723c751e8b465ee728b)  -> (artifact id: '9904bbeae07db5cf3e525db26b310d68') in 0.006285 seconds 
  Import took 0.009982 seconds .

========================================================================
Received Import Request.
  Time since last request: 0.000496 seconds.
  path: Assets/Artwork/Levels
  artifactKey: Guid(55123ee1a01b62f44a68e372c13b0f46) Importer(815301076,1909f56bfc062723c751e8b465ee728b)
Start importing Assets/Artwork/Levels using Guid(55123ee1a01b62f44a68e372c13b0f46) Importer(815301076,1909f56bfc062723c751e8b465ee728b)  -> (artifact id: '9904bbeae07db5cf3e525db26b310d68') in 0.001828 seconds 
  Import took 0.004974 seconds .

========================================================================
Received Import Request.
  Time since last request: 13.906958 seconds.
  path: Assets
  artifactKey: Guid(00000000000000001000000000000000) Importer(815301076,1909f56bfc062723c751e8b465ee728b)
Start importing Assets using Guid(00000000000000001000000000000000) Importer(815301076,1909f56bfc062723c751e8b465ee728b)  -> (artifact id: '42d402b061de3733987d63b9cc3b64de') in 0.006835 seconds 
  Import took 0.010253 seconds .

========================================================================
Received Import Request.
  Time since last request: 3.951053 seconds.
  path: Assets/Prefabs
  artifactKey: Guid(f827cd7cb93f67d4a86600724deb58de) Importer(815301076,1909f56bfc062723c751e8b465ee728b)
Start importing Assets/Prefabs using Guid(f827cd7cb93f67d4a86600724deb58de) Importer(815301076,1909f56bfc062723c751e8b465ee728b)  -> (artifact id: '386d005facaa7b3fdf8dca3419e205ab') in 0.006004 seconds 
  Import took 0.010371 seconds .

========================================================================
Received Import Request.
  Time since last request: 18.571569 seconds.
  path: Assets/Scripts
  artifactKey: Guid(55e86eccaf7f1a940b038963cc8a1410) Importer(815301076,1909f56bfc062723c751e8b465ee728b)
Start importing Assets/Scripts using Guid(55e86eccaf7f1a940b038963cc8a1410) Importer(815301076,1909f56bfc062723c751e8b465ee728b)  -> (artifact id: '5ed1b82bdd6f03cc3ee077cbbf23e8e5') in 0.005215 seconds 
  Import took 0.008710 seconds .

========================================================================
Received Import Request.
  Time since last request: 77.763002 seconds.
  path: Assets/Scenes
  artifactKey: Guid(8b9f3571ec0bb4d40b73b194e1514ec2) Importer(815301076,1909f56bfc062723c751e8b465ee728b)
Start importing Assets/Scenes using Guid(8b9f3571ec0bb4d40b73b194e1514ec2) Importer(815301076,1909f56bfc062723c751e8b465ee728b)  -> (artifact id: 'd676805f38aafc35572939515c466676') in 0.005914 seconds 
  Import took 0.009310 seconds .

========================================================================
Received Import Request.
  Time since last request: 46.179410 seconds.
  path: Assets/Scenes/SampleScene.unity
  artifactKey: Guid(2cda990e2423bbf4892e6590ba056729) Importer(815301076,1909f56bfc062723c751e8b465ee728b)
Start importing Assets/Scenes/SampleScene.unity using Guid(2cda990e2423bbf4892e6590ba056729) Importer(815301076,1909f56bfc062723c751e8b465ee728b)  -> (artifact id: 'aa27944bdea339c97c39027c7eea529c') in 0.014526 seconds 
  Import took 0.018160 seconds .

========================================================================
Received Import Request.
  Time since last request: 1089.225658 seconds.
  path: Assets/Dungeon_Character_2.png
  artifactKey: Guid(90b155afa82f1844eb6b913a48deccc1) Importer(815301076,1909f56bfc062723c751e8b465ee728b)
Start importing Assets/Dungeon_Character_2.png using Guid(90b155afa82f1844eb6b913a48deccc1) Importer(815301076,1909f56bfc062723c751e8b465ee728b)  -> (artifact id: 'a6c5d118412a950d75f87edf5c2a05e4') in 0.097590 seconds 
  Import took 0.101421 seconds .

========================================================================
Received Import Request.
  Time since last request: 13.281480 seconds.
  path: Assets/Artwork/AtlasCaracter.png
  artifactKey: Guid(90b155afa82f1844eb6b913a48deccc1) Importer(815301076,1909f56bfc062723c751e8b465ee728b)
Start importing Assets/Artwork/AtlasCaracter.png using Guid(90b155afa82f1844eb6b913a48deccc1) Importer(815301076,1909f56bfc062723c751e8b465ee728b)  -> (artifact id: '7953216008a5c2ae488ce52f0307b600') in 0.015673 seconds 
  Import took 0.019144 seconds .

========================================================================
Received Import Request.
  Time since last request: 8.494007 seconds.
  path: Assets/Artwork/AtlasCharacter.png
  artifactKey: Guid(90b155afa82f1844eb6b913a48deccc1) Importer(815301076,1909f56bfc062723c751e8b465ee728b)
Start importing Assets/Artwork/AtlasCharacter.png using Guid(90b155afa82f1844eb6b913a48deccc1) Importer(815301076,1909f56bfc062723c751e8b465ee728b)  -> (artifact id: '8d7137d0aadb6abaca851d6ac1b171bf') in 0.020850 seconds 
  Import took 0.024312 seconds .

========================================================================
Received Import Request.
  Time since last request: 14.335597 seconds.
  path: Assets/Artwork/AtlasCharacter.png
  artifactKey: Guid(90b155afa82f1844eb6b913a48deccc1) Importer(815301076,1909f56bfc062723c751e8b465ee728b)
Start importing Assets/Artwork/AtlasCharacter.png using Guid(90b155afa82f1844eb6b913a48deccc1) Importer(815301076,1909f56bfc062723c751e8b465ee728b)  -> (artifact id: '6ae4dfac8dc84ef3ab56fbf687be376e') in 0.008641 seconds 
  Import took 0.012191 seconds .

========================================================================
Received Import Request.
  Time since last request: 60.104583 seconds.
  path: Assets/Artwork/AtlasCharacter.png
  artifactKey: Guid(90b155afa82f1844eb6b913a48deccc1) Importer(815301076,1909f56bfc062723c751e8b465ee728b)
Start importing Assets/Artwork/AtlasCharacter.png using Guid(90b155afa82f1844eb6b913a48deccc1) Importer(815301076,1909f56bfc062723c751e8b465ee728b)  -> (artifact id: '70da6139f764dfc350369fc36c6e6c8d') in 0.019481 seconds 
  Import took 0.022906 seconds .

========================================================================
Received Import Request.
  Time since last request: 26.818742 seconds.
  path: Assets/Artwork/AtlasCharacter.png
  artifactKey: Guid(90b155afa82f1844eb6b913a48deccc1) Importer(815301076,1909f56bfc062723c751e8b465ee728b)
Start importing Assets/Artwork/AtlasCharacter.png using Guid(90b155afa82f1844eb6b913a48deccc1) Importer(815301076,1909f56bfc062723c751e8b465ee728b)  -> (artifact id: 'd7e82c68e2784e3cdc8eb2abf74c171a') in 0.015964 seconds 
  Import took 0.019246 seconds .

========================================================================
Received Import Request.
  Time since last request: 52.047664 seconds.
  path: Assets/Artwork/AtlasCharacter.png
  artifactKey: Guid(90b155afa82f1844eb6b913a48deccc1) Importer(815301076,1909f56bfc062723c751e8b465ee728b)
Start importing Assets/Artwork/AtlasCharacter.png using Guid(90b155afa82f1844eb6b913a48deccc1) Importer(815301076,1909f56bfc062723c751e8b465ee728b)  -> (artifact id: '311addd9fce873f679a7d4544dd3c990') in 0.019763 seconds 
  Import took 0.023150 seconds .

AssetImportWorkerClient::OnTransportError - code=2 error=End of file
